<?xml version="1.0" encoding="UTF-8"?>
<!-- Generated by org.testng.reporters.JUnitReportReporter -->
<testsuite skipped="0" hostname="DESKTOP-SRUAFC0" name="TestNG.NewTest" tests="1" failures="0" timestamp="24 Sep 2017 14:54:51 GMT" time="0.019" errors="0">
  <testcase name="f" time="0.019" classname="TestNG.NewTest"/>
</testsuite> <!-- TestNG.NewTest -->
